<?xml version="1.0" encoding="UTF-8"?>
<testsuite xmlns:xsi="http://www.w3.org/2001/XMLSchema-instance" xsi:noNamespaceSchemaLocation="https://maven.apache.org/surefire/maven-surefire-plugin/xsd/surefire-test-report-3.0.xsd" version="3.0" name="org.example.AppTest" time="0.006" tests="1" errors="0" skipped="0" failures="0">
  <properties>
    <property name="gopherProxySet" value="false"/>
    <property name="awt.toolkit" value="sun.lwawt.macosx.LWCToolkit"/>
    <property name="file.encoding.pkg" value="sun.io"/>
    <property name="java.specification.version" value="1.8"/>
    <property name="sun.cpu.isalist" value=""/>
    <property name="sun.jnu.encoding" value="UTF-8"/>
    <property name="java.class.path" value="/Users/muhtasim/Desktop/Projects/java-projects/stonks-api/target/test-classes:/Users/muhtasim/Desktop/Projects/java-projects/stonks-api/target/classes:/Users/muhtasim/.m2/repository/org/apache/httpcomponents/httpclient/4.5.12/httpclient-4.5.12.jar:/Users/muhtasim/.m2/repository/commons-logging/commons-logging/1.2/commons-logging-1.2.jar:/Users/muhtasim/.m2/repository/commons-codec/commons-codec/1.11/commons-codec-1.11.jar:/Users/muhtasim/.m2/repository/org/apache/httpcomponents/httpcore/4.4.13/httpcore-4.4.13.jar:/Users/muhtasim/.m2/repository/org/projectlombok/lombok/1.18.20/lombok-1.18.20.jar:/Users/muhtasim/.m2/repository/junit/junit/4.12/junit-4.12.jar:/Users/muhtasim/.m2/repository/org/hamcrest/hamcrest-core/1.3/hamcrest-core-1.3.jar:/Users/muhtasim/.m2/repository/org/slf4j/slf4j-api/1.7.30/slf4j-api-1.7.30.jar:/Users/muhtasim/.m2/repository/org/slf4j/slf4j-simple/1.7.30/slf4j-simple-1.7.30.jar:/Users/muhtasim/.m2/repository/com/yahoofinance-api/YahooFinanceAPI/3.15.0/YahooFinanceAPI-3.15.0.jar:/Users/muhtasim/.m2/repository/com/fasterxml/jackson/core/jackson-databind/2.9.8/jackson-databind-2.9.8.jar:/Users/muhtasim/.m2/repository/com/fasterxml/jackson/core/jackson-annotations/2.9.0/jackson-annotations-2.9.0.jar:/Users/muhtasim/.m2/repository/com/fasterxml/jackson/core/jackson-core/2.9.8/jackson-core-2.9.8.jar:"/>
    <property name="java.vm.vendor" value="Azul Systems, Inc."/>
    <property name="sun.arch.data.model" value="64"/>
    <property name="java.vendor.url" value="http://www.azulsystems.com/"/>
    <property name="user.timezone" value=""/>
    <property name="java.vm.specification.version" value="1.8"/>
    <property name="os.name" value="Mac OS X"/>
    <property name="user.country" value="US"/>
    <property name="sun.java.launcher" value="SUN_STANDARD"/>
    <property name="sun.boot.library.path" value="/Users/muhtasim/.sdkman/candidates/java/8.0.292-zulu/zulu-8.jdk/Contents/Home/jre/lib"/>
    <property name="sun.java.command" value="/Users/muhtasim/Desktop/Projects/java-projects/stonks-api/target/surefire/surefirebooter3332366091354943382.jar /Users/muhtasim/Desktop/Projects/java-projects/stonks-api/target/surefire 2021-06-11T23-40-18_252-jvmRun1 surefire1812539940041514679tmp surefire_05321178256415420200tmp"/>
    <property name="http.nonProxyHosts" value="local|*.local|169.254/16|*.169.254/16"/>
    <property name="surefire.test.class.path" value="/Users/muhtasim/Desktop/Projects/java-projects/stonks-api/target/test-classes:/Users/muhtasim/Desktop/Projects/java-projects/stonks-api/target/classes:/Users/muhtasim/.m2/repository/org/apache/httpcomponents/httpclient/4.5.12/httpclient-4.5.12.jar:/Users/muhtasim/.m2/repository/commons-logging/commons-logging/1.2/commons-logging-1.2.jar:/Users/muhtasim/.m2/repository/commons-codec/commons-codec/1.11/commons-codec-1.11.jar:/Users/muhtasim/.m2/repository/org/apache/httpcomponents/httpcore/4.4.13/httpcore-4.4.13.jar:/Users/muhtasim/.m2/repository/org/projectlombok/lombok/1.18.20/lombok-1.18.20.jar:/Users/muhtasim/.m2/repository/junit/junit/4.12/junit-4.12.jar:/Users/muhtasim/.m2/repository/org/hamcrest/hamcrest-core/1.3/hamcrest-core-1.3.jar:/Users/muhtasim/.m2/repository/org/slf4j/slf4j-api/1.7.30/slf4j-api-1.7.30.jar:/Users/muhtasim/.m2/repository/org/slf4j/slf4j-simple/1.7.30/slf4j-simple-1.7.30.jar:/Users/muhtasim/.m2/repository/com/yahoofinance-api/YahooFinanceAPI/3.15.0/YahooFinanceAPI-3.15.0.jar:/Users/muhtasim/.m2/repository/com/fasterxml/jackson/core/jackson-databind/2.9.8/jackson-databind-2.9.8.jar:/Users/muhtasim/.m2/repository/com/fasterxml/jackson/core/jackson-annotations/2.9.0/jackson-annotations-2.9.0.jar:/Users/muhtasim/.m2/repository/com/fasterxml/jackson/core/jackson-core/2.9.8/jackson-core-2.9.8.jar:"/>
    <property name="sun.cpu.endian" value="little"/>
    <property name="user.home" value="/Users/muhtasim"/>
    <property name="user.language" value="en"/>
    <property name="java.specification.vendor" value="Oracle Corporation"/>
    <property name="java.home" value="/Users/muhtasim/.sdkman/candidates/java/8.0.292-zulu/zulu-8.jdk/Contents/Home/jre"/>
    <property name="basedir" value="/Users/muhtasim/Desktop/Projects/java-projects/stonks-api"/>
    <property name="file.separator" value="/"/>
    <property name="line.separator" value="&#10;"/>
    <property name="jdk.vendor.version" value="Zulu 8.54.0.21-CA-macosx"/>
    <property name="java.vm.specification.vendor" value="Oracle Corporation"/>
    <property name="java.specification.name" value="Java Platform API Specification"/>
    <property name="java.awt.graphicsenv" value="sun.awt.CGraphicsEnvironment"/>
    <property name="surefire.real.class.path" value="/Users/muhtasim/Desktop/Projects/java-projects/stonks-api/target/surefire/surefirebooter3332366091354943382.jar"/>
    <property name="sun.boot.class.path" value="/Users/muhtasim/.sdkman/candidates/java/8.0.292-zulu/zulu-8.jdk/Contents/Home/jre/lib/resources.jar:/Users/muhtasim/.sdkman/candidates/java/8.0.292-zulu/zulu-8.jdk/Contents/Home/jre/lib/rt.jar:/Users/muhtasim/.sdkman/candidates/java/8.0.292-zulu/zulu-8.jdk/Contents/Home/jre/lib/sunrsasign.jar:/Users/muhtasim/.sdkman/candidates/java/8.0.292-zulu/zulu-8.jdk/Contents/Home/jre/lib/jsse.jar:/Users/muhtasim/.sdkman/candidates/java/8.0.292-zulu/zulu-8.jdk/Contents/Home/jre/lib/jce.jar:/Users/muhtasim/.sdkman/candidates/java/8.0.292-zulu/zulu-8.jdk/Contents/Home/jre/lib/charsets.jar:/Users/muhtasim/.sdkman/candidates/java/8.0.292-zulu/zulu-8.jdk/Contents/Home/jre/lib/jfr.jar:/Users/muhtasim/.sdkman/candidates/java/8.0.292-zulu/zulu-8.jdk/Contents/Home/jre/classes"/>
    <property name="sun.management.compiler" value="HotSpot 64-Bit Tiered Compilers"/>
    <property name="ftp.nonProxyHosts" value="local|*.local|169.254/16|*.169.254/16"/>
    <property name="java.runtime.version" value="1.8.0_292-b10"/>
    <property name="user.name" value="muhtasim"/>
    <property name="path.separator" value=":"/>
    <property name="os.version" value="10.16"/>
    <property name="java.endorsed.dirs" value="/Users/muhtasim/.sdkman/candidates/java/8.0.292-zulu/zulu-8.jdk/Contents/Home/jre/lib/endorsed"/>
    <property name="java.runtime.name" value="OpenJDK Runtime Environment"/>
    <property name="file.encoding" value="UTF-8"/>
    <property name="java.vm.name" value="OpenJDK 64-Bit Server VM"/>
    <property name="localRepository" value="/Users/muhtasim/.m2/repository"/>
    <property name="java.vendor.url.bug" value="http://www.azulsystems.com/support/"/>
    <property name="java.io.tmpdir" value="/var/folders/r9/g46ysmlj549gz3rkctgzwlf40000gn/T/"/>
    <property name="java.version" value="1.8.0_292"/>
    <property name="user.dir" value="/Users/muhtasim/Desktop/Projects/java-projects/stonks-api"/>
    <property name="os.arch" value="x86_64"/>
    <property name="java.vm.specification.name" value="Java Virtual Machine Specification"/>
    <property name="java.awt.printerjob" value="sun.lwawt.macosx.CPrinterJob"/>
    <property name="sun.os.patch.level" value="unknown"/>
    <property name="java.library.path" value="/Users/muhtasim/Library/Java/Extensions:/Library/Java/Extensions:/Network/Library/Java/Extensions:/System/Library/Java/Extensions:/usr/lib/java:."/>
    <property name="java.vm.info" value="mixed mode"/>
    <property name="java.vendor" value="Azul Systems, Inc."/>
    <property name="java.vm.version" value="25.292-b10"/>
    <property name="java.ext.dirs" value="/Users/muhtasim/Library/Java/Extensions:/Users/muhtasim/.sdkman/candidates/java/8.0.292-zulu/zulu-8.jdk/Contents/Home/jre/lib/ext:/Library/Java/Extensions:/Network/Library/Java/Extensions:/System/Library/Java/Extensions:/usr/lib/java"/>
    <property name="sun.io.unicode.encoding" value="UnicodeBig"/>
    <property name="java.class.version" value="52.0"/>
    <property name="socksNonProxyHosts" value="local|*.local|169.254/16|*.169.254/16"/>
  </properties>
  <testcase name="shouldAnswerWithTrue" classname="org.example.AppTest" time="0.001"/>
</testsuite>